Copyright 1986-2019 Xilinx, Inc. All Rights Reserved.
----------------------------------------------------------------------------------------------------------------------------------------------------------------------------
| Tool Version     : Vivado v.2019.1 (win64) Build 2552052 Fri May 24 14:49:42 MDT 2019
| Date             : Fri Dec 15 14:34:04 2023
| Host             : DESKTOP-V221TGG running 64-bit major release  (build 9200)
| Command          : report_power -file SOC_DMA_V2_wrapper_power_routed.rpt -pb SOC_DMA_V2_wrapper_power_summary_routed.pb -rpx SOC_DMA_V2_wrapper_power_routed.rpx
| Design           : SOC_DMA_V2_wrapper
| Device           : xc7z020clg484-1
| Design State     : routed
| Grade            : commercial
| Process          : typical
| Characterization : Production
----------------------------------------------------------------------------------------------------------------------------------------------------------------------------

Power Report

Table of Contents
-----------------
1. Summary
1.1 On-Chip Components
1.2 Power Supply Summary
1.3 Confidence Level
2. Settings
2.1 Environment
2.2 Clock Constraints
3. Detailed Reports
3.1 By Hierarchy

1. Summary
----------

+--------------------------+--------------+
| Total On-Chip Power (W)  | 1.724        |
| Design Power Budget (W)  | Unspecified* |
| Power Budget Margin (W)  | NA           |
| Dynamic (W)              | 1.578        |
| Device Static (W)        | 0.146        |
| Effective TJA (C/W)      | 11.5         |
| Max Ambient (C)          | 65.1         |
| Junction Temperature (C) | 44.9         |
| Confidence Level         | Medium       |
| Setting File             | ---          |
| Simulation Activity File | ---          |
| Design Nets Matched      | NA           |
+--------------------------+--------------+
* Specify Design Power Budget using, set_operating_conditions -design_power_budget <value in Watts>


1.1 On-Chip Components
----------------------

+--------------------------+-----------+----------+-----------+-----------------+
| On-Chip                  | Power (W) | Used     | Available | Utilization (%) |
+--------------------------+-----------+----------+-----------+-----------------+
| Clocks                   |     0.007 |        3 |       --- |             --- |
| Slice Logic              |     0.005 |    58184 |       --- |             --- |
|   LUT as Logic           |     0.005 |    17807 |     53200 |           33.47 |
|   CARRY4                 |    <0.001 |      486 |     13300 |            3.65 |
|   Register               |    <0.001 |    28019 |    106400 |           26.33 |
|   F7/F8 Muxes            |    <0.001 |     4736 |     53200 |            8.90 |
|   LUT as Distributed RAM |    <0.001 |      442 |     17400 |            2.54 |
|   LUT as Shift Register  |    <0.001 |      176 |     17400 |            1.01 |
|   Others                 |     0.000 |      678 |       --- |             --- |
| Signals                  |     0.007 |    36542 |       --- |             --- |
| Block RAM                |    <0.001 |        4 |       140 |            2.86 |
| DSPs                     |    <0.001 |       48 |       220 |           21.82 |
| I/O                      |    <0.001 |        3 |       200 |            1.50 |
| PS7                      |     1.557 |        1 |       --- |             --- |
| Static Power             |     0.146 |          |           |                 |
| Total                    |     1.724 |          |           |                 |
+--------------------------+-----------+----------+-----------+-----------------+


1.2 Power Supply Summary
------------------------

+-----------+-------------+-----------+-------------+------------+
| Source    | Voltage (V) | Total (A) | Dynamic (A) | Static (A) |
+-----------+-------------+-----------+-------------+------------+
| Vccint    |       1.000 |     0.037 |       0.021 |      0.015 |
| Vccaux    |       1.800 |     0.015 |       0.000 |      0.015 |
| Vcco33    |       3.300 |     0.001 |       0.000 |      0.001 |
| Vcco25    |       2.500 |     0.000 |       0.000 |      0.000 |
| Vcco18    |       1.800 |     0.000 |       0.000 |      0.000 |
| Vcco15    |       1.500 |     0.000 |       0.000 |      0.000 |
| Vcco135   |       1.350 |     0.000 |       0.000 |      0.000 |
| Vcco12    |       1.200 |     0.000 |       0.000 |      0.000 |
| Vccaux_io |       1.800 |     0.000 |       0.000 |      0.000 |
| Vccbram   |       1.000 |     0.001 |       0.000 |      0.001 |
| MGTAVcc   |       1.000 |     0.000 |       0.000 |      0.000 |
| MGTAVtt   |       1.200 |     0.000 |       0.000 |      0.000 |
| MGTVccaux |       1.800 |     0.000 |       0.000 |      0.000 |
| Vccpint   |       1.000 |     0.734 |       0.703 |      0.031 |
| Vccpaux   |       1.800 |     0.085 |       0.074 |      0.010 |
| Vccpll    |       1.800 |     0.017 |       0.014 |      0.003 |
| Vcco_ddr  |       1.500 |     0.458 |       0.456 |      0.002 |
| Vcco_mio0 |       3.300 |     0.003 |       0.002 |      0.001 |
| Vcco_mio1 |       1.800 |     0.004 |       0.003 |      0.001 |
| Vccadc    |       1.800 |     0.020 |       0.000 |      0.020 |
+-----------+-------------+-----------+-------------+------------+


1.3 Confidence Level
--------------------

+-----------------------------+------------+------------------------------------------------+------------------------------------------------------------------------------------------------------------+
| User Input Data             | Confidence | Details                                        | Action                                                                                                     |
+-----------------------------+------------+------------------------------------------------+------------------------------------------------------------------------------------------------------------+
| Design implementation state | High       | Design is routed                               |                                                                                                            |
| Clock nodes activity        | High       | User specified more than 95% of clocks         |                                                                                                            |
| I/O nodes activity          | High       | User specified more than 95% of inputs         |                                                                                                            |
| Internal nodes activity     | Medium     | User specified less than 25% of internal nodes | Provide missing internal nodes activity with simulation results or by editing the "By Resource Type" views |
| Device models               | High       | Device models are Production                   |                                                                                                            |
|                             |            |                                                |                                                                                                            |
| Overall confidence level    | Medium     |                                                |                                                                                                            |
+-----------------------------+------------+------------------------------------------------+------------------------------------------------------------------------------------------------------------+


2. Settings
-----------

2.1 Environment
---------------

+-----------------------+------------------------+
| Ambient Temp (C)      | 25.0                   |
| ThetaJA (C/W)         | 11.5                   |
| Airflow (LFM)         | 250                    |
| Heat Sink             | none                   |
| ThetaSA (C/W)         | 0.0                    |
| Board Selection       | medium (10"x10")       |
| # of Board Layers     | 8to11 (8 to 11 Layers) |
| Board Temperature (C) | 25.0                   |
+-----------------------+------------------------+


2.2 Clock Constraints
---------------------

+------------+---------------------------------------------------------------+-----------------+
| Clock      | Domain                                                        | Constraint (ns) |
+------------+---------------------------------------------------------------+-----------------+
| clk_fpga_0 | SOC_DMA_V2_i/processing_system7_0/inst/FCLK_CLK_unbuffered[0] |           100.0 |
+------------+---------------------------------------------------------------+-----------------+


3. Detailed Reports
-------------------

3.1 By Hierarchy
----------------

+--------------------------+-----------+
| Name                     | Power (W) |
+--------------------------+-----------+
| SOC_DMA_V2_wrapper       |     1.578 |
|   SOC_DMA_V2_i           |     1.578 |
|     VCU_bd_0             |     0.017 |
|       inst               |     0.017 |
|     axi_smc              |     0.002 |
|       inst               |     0.002 |
|     processing_system7_0 |     1.557 |
|       inst               |     1.557 |
+--------------------------+-----------+


