Vivado Simulator 2019.1
Copyright 1986-1999, 2001-2019 Xilinx, Inc. All Rights Reserved.
Running: E:/soft_installations/Xilinx/Vivado/2019.1/bin/unwrapped/win64.o/xelab.exe -wto 6a5e245495eb40f1bf700286b33f9dc3 --incr --debug typical --relax --mt 2 -L xil_defaultlib -L unisims_ver -L unimacro_ver -L secureip --snapshot SystemV3_tb_behav xil_defaultlib.SystemV3_tb xil_defaultlib.glbl -log elaborate.log 
Using 2 slave threads.
Starting static elaboration
Completed static elaboration
Starting simulation data flow analysis
WARNING: [XSIM 43-4099] "E:/Projects/Vivado/Vector-Processor-SOC/Control_Unit/Control_Unit.srcs/sources_1/new/SystemV3.sv" Line 1. Module SystemV3 doesn't have a timescale but at least one module in design has a timescale.
WARNING: [XSIM 43-4099] "E:/Projects/Vivado/Vector-Processor-SOC/Control_Unit/Control_Unit.srcs/sources_1/new/DataMemory.sv" Line 1. Module DataMemory doesn't have a timescale but at least one module in design has a timescale.
WARNING: [XSIM 43-4099] "E:/Projects/Vivado/Vector-Processor-SOC/Control_Unit/Control_Unit.srcs/sources_1/new/PE.sv" Line 1. Module PE(C=16,W_X=32,W_K=32) doesn't have a timescale but at least one module in design has a timescale.
WARNING: [XSIM 43-4099] "E:/Projects/Vivado/Vector-Processor-SOC/Control_Unit/Control_Unit.srcs/sources_1/new/PE.sv" Line 1. Module PE(C=16,W_X=32,W_K=32) doesn't have a timescale but at least one module in design has a timescale.
WARNING: [XSIM 43-4099] "E:/Projects/Vivado/Vector-Processor-SOC/Control_Unit/Control_Unit.srcs/sources_1/new/PE.sv" Line 1. Module PE(C=16,W_X=32,W_K=32) doesn't have a timescale but at least one module in design has a timescale.
WARNING: [XSIM 43-4099] "E:/Projects/Vivado/Vector-Processor-SOC/Control_Unit/Control_Unit.srcs/sources_1/new/PE.sv" Line 1. Module PE(C=16,W_X=32,W_K=32) doesn't have a timescale but at least one module in design has a timescale.
WARNING: [XSIM 43-4099] "E:/Projects/Vivado/Vector-Processor-SOC/Control_Unit/Control_Unit.srcs/sources_1/new/PE.sv" Line 1. Module PE(C=16,W_X=32,W_K=32) doesn't have a timescale but at least one module in design has a timescale.
WARNING: [XSIM 43-4099] "E:/Projects/Vivado/Vector-Processor-SOC/Control_Unit/Control_Unit.srcs/sources_1/new/PE.sv" Line 1. Module PE(C=16,W_X=32,W_K=32) doesn't have a timescale but at least one module in design has a timescale.
WARNING: [XSIM 43-4099] "E:/Projects/Vivado/Vector-Processor-SOC/Control_Unit/Control_Unit.srcs/sources_1/new/PE.sv" Line 1. Module PE(C=16,W_X=32,W_K=32) doesn't have a timescale but at least one module in design has a timescale.
WARNING: [XSIM 43-4099] "E:/Projects/Vivado/Vector-Processor-SOC/Control_Unit/Control_Unit.srcs/sources_1/new/PE.sv" Line 1. Module PE(C=16,W_X=32,W_K=32) doesn't have a timescale but at least one module in design has a timescale.
WARNING: [XSIM 43-4099] "E:/Projects/Vivado/Vector-Processor-SOC/Control_Unit/Control_Unit.srcs/sources_1/new/PE.sv" Line 1. Module PE(C=16,W_X=32,W_K=32) doesn't have a timescale but at least one module in design has a timescale.
WARNING: [XSIM 43-4099] "E:/Projects/Vivado/Vector-Processor-SOC/Control_Unit/Control_Unit.srcs/sources_1/new/PE.sv" Line 1. Module PE(C=16,W_X=32,W_K=32) doesn't have a timescale but at least one module in design has a timescale.
WARNING: [XSIM 43-4099] "E:/Projects/Vivado/Vector-Processor-SOC/Control_Unit/Control_Unit.srcs/sources_1/new/PE.sv" Line 1. Module PE(C=16,W_X=32,W_K=32) doesn't have a timescale but at least one module in design has a timescale.
WARNING: [XSIM 43-4099] "E:/Projects/Vivado/Vector-Processor-SOC/Control_Unit/Control_Unit.srcs/sources_1/new/PE.sv" Line 1. Module PE(C=16,W_X=32,W_K=32) doesn't have a timescale but at least one module in design has a timescale.
WARNING: [XSIM 43-4099] "E:/Projects/Vivado/Vector-Processor-SOC/Control_Unit/Control_Unit.srcs/sources_1/new/PE.sv" Line 1. Module PE(C=16,W_X=32,W_K=32) doesn't have a timescale but at least one module in design has a timescale.
WARNING: [XSIM 43-4099] "E:/Projects/Vivado/Vector-Processor-SOC/Control_Unit/Control_Unit.srcs/sources_1/new/PE.sv" Line 1. Module PE(C=16,W_X=32,W_K=32) doesn't have a timescale but at least one module in design has a timescale.
WARNING: [XSIM 43-4099] "E:/Projects/Vivado/Vector-Processor-SOC/Control_Unit/Control_Unit.srcs/sources_1/new/PE.sv" Line 1. Module PE(C=16,W_X=32,W_K=32) doesn't have a timescale but at least one module in design has a timescale.
WARNING: [XSIM 43-4099] "E:/Projects/Vivado/Vector-Processor-SOC/Control_Unit/Control_Unit.srcs/sources_1/new/PE.sv" Line 1. Module PE(C=16,W_X=32,W_K=32) doesn't have a timescale but at least one module in design has a timescale.
WARNING: [XSIM 43-4099] "E:/Projects/Vivado/Vector-Processor-SOC/Control_Unit/Control_Unit.srcs/sources_1/new/register.sv" Line 1. Module register(WordSize=4) doesn't have a timescale but at least one module in design has a timescale.
Completed simulation data flow analysis
Time Resolution for simulation is 1ps
Compiling module xil_defaultlib.DataMemory
Compiling module xil_defaultlib.PE(C=16,W_X=32,W_K=32)
Compiling module xil_defaultlib.register(WordSize=4)
Compiling module xil_defaultlib.SystemV3
Compiling module xil_defaultlib.SystemV3_tb
Compiling module xil_defaultlib.glbl
Built simulation snapshot SystemV3_tb_behav
