Copyright 1986-2019 Xilinx, Inc. All Rights Reserved.
--------------------------------------------------------------------------------------------------------------------------------------------------------------------------------
| Tool Version : Vivado v.2019.1 (win64) Build 2552052 Fri May 24 14:49:42 MDT 2019
| Date         : Wed Dec  6 16:45:19 2023
| Host         : Yasirus-ROG running 64-bit major release  (build 9200)
| Command      : report_timing_summary -max_paths 10 -file VCU_timing_summary_routed.rpt -pb VCU_timing_summary_routed.pb -rpx VCU_timing_summary_routed.rpx -warn_on_violation
| Design       : VCU
| Device       : 7z020-clg484
| Speed File   : -1  PRODUCTION 1.11 2014-09-11
--------------------------------------------------------------------------------------------------------------------------------------------------------------------------------

Timing Summary Report

------------------------------------------------------------------------------------------------
| Timer Settings
| --------------
------------------------------------------------------------------------------------------------

  Enable Multi Corner Analysis               :  Yes
  Enable Pessimism Removal                   :  Yes
  Pessimism Removal Resolution               :  Nearest Common Node
  Enable Input Delay Default Clock           :  No
  Enable Preset / Clear Arcs                 :  No
  Disable Flight Delays                      :  No
  Ignore I/O Paths                           :  No
  Timing Early Launch at Borrowing Latches   :  No
  Borrow Time for Max Delay Exceptions       :  Yes

  Corner  Analyze    Analyze    
  Name    Max Paths  Min Paths  
  ------  ---------  ---------  
  Slow    Yes        Yes        
  Fast    Yes        Yes        



check_timing report

Table of Contents
-----------------
1. checking no_clock
2. checking constant_clock
3. checking pulse_width_clock
4. checking unconstrained_internal_endpoints
5. checking no_input_delay
6. checking no_output_delay
7. checking multiple_clock
8. checking generated_clocks
9. checking loops
10. checking partial_input_delay
11. checking partial_output_delay
12. checking latch_loops

1. checking no_clock
--------------------
 There are 4436 register/latch pins with no clock driven by root clock pin: clk (HIGH)

 There are 58 register/latch pins with no clock driven by root clock pin: MEMWRRESET_reg/Q (HIGH)

 There are 59 register/latch pins with no clock driven by root clock pin: MEMWRRESET_reg_rep/Q (HIGH)

 There are 58 register/latch pins with no clock driven by root clock pin: MEMWRRESET_reg_rep__0/Q (HIGH)

 There are 59 register/latch pins with no clock driven by root clock pin: MEMWRRESET_reg_rep__1/Q (HIGH)

 There are 58 register/latch pins with no clock driven by root clock pin: MEMWRRESET_reg_rep__2/Q (HIGH)

 There are 59 register/latch pins with no clock driven by root clock pin: MEMWRRESET_reg_rep__3/Q (HIGH)

 There are 58 register/latch pins with no clock driven by root clock pin: MEMWRRESET_reg_rep__4/Q (HIGH)

 There are 59 register/latch pins with no clock driven by root clock pin: MEMWRRESET_reg_rep__5/Q (HIGH)

 There are 58 register/latch pins with no clock driven by root clock pin: MEMWRRESET_reg_rep__6/Q (HIGH)

 There are 14 register/latch pins with no clock driven by root clock pin: WROFFSET_reg[0]/Q (HIGH)

 There are 4 register/latch pins with no clock driven by root clock pin: WROFFSET_reg[10]/Q (HIGH)

 There are 3 register/latch pins with no clock driven by root clock pin: WROFFSET_reg[11]/Q (HIGH)

 There are 13 register/latch pins with no clock driven by root clock pin: WROFFSET_reg[1]/Q (HIGH)

 There are 12 register/latch pins with no clock driven by root clock pin: WROFFSET_reg[2]/Q (HIGH)

 There are 11 register/latch pins with no clock driven by root clock pin: WROFFSET_reg[3]/Q (HIGH)

 There are 10 register/latch pins with no clock driven by root clock pin: WROFFSET_reg[4]/Q (HIGH)

 There are 9 register/latch pins with no clock driven by root clock pin: WROFFSET_reg[5]/Q (HIGH)

 There are 8 register/latch pins with no clock driven by root clock pin: WROFFSET_reg[6]/Q (HIGH)

 There are 7 register/latch pins with no clock driven by root clock pin: WROFFSET_reg[7]/Q (HIGH)

 There are 6 register/latch pins with no clock driven by root clock pin: WROFFSET_reg[8]/Q (HIGH)

 There are 5 register/latch pins with no clock driven by root clock pin: WROFFSET_reg[9]/Q (HIGH)

 There are 10 register/latch pins with no clock driven by root clock pin: WRaddrCounter_reg[0]/Q (HIGH)

 There are 9 register/latch pins with no clock driven by root clock pin: WRaddrCounter_reg[1]/Q (HIGH)

 There are 8 register/latch pins with no clock driven by root clock pin: WRaddrCounter_reg[2]/Q (HIGH)

 There are 7 register/latch pins with no clock driven by root clock pin: WRaddrCounter_reg[3]/Q (HIGH)

 There is 1 register/latch pin with no clock driven by root clock pin: WRdata_reg[0][0]/Q (HIGH)

 There is 1 register/latch pin with no clock driven by root clock pin: WRdata_reg[0][10]/Q (HIGH)

 There is 1 register/latch pin with no clock driven by root clock pin: WRdata_reg[0][11]/Q (HIGH)

 There is 1 register/latch pin with no clock driven by root clock pin: WRdata_reg[0][12]/Q (HIGH)

 There is 1 register/latch pin with no clock driven by root clock pin: WRdata_reg[0][13]/Q (HIGH)

 There is 1 register/latch pin with no clock driven by root clock pin: WRdata_reg[0][14]/Q (HIGH)

 There is 1 register/latch pin with no clock driven by root clock pin: WRdata_reg[0][15]/Q (HIGH)

 There is 1 register/latch pin with no clock driven by root clock pin: WRdata_reg[0][16]/Q (HIGH)

 There is 1 register/latch pin with no clock driven by root clock pin: WRdata_reg[0][17]/Q (HIGH)

 There is 1 register/latch pin with no clock driven by root clock pin: WRdata_reg[0][18]/Q (HIGH)

 There is 1 register/latch pin with no clock driven by root clock pin: WRdata_reg[0][19]/Q (HIGH)

 There is 1 register/latch pin with no clock driven by root clock pin: WRdata_reg[0][1]/Q (HIGH)

 There is 1 register/latch pin with no clock driven by root clock pin: WRdata_reg[0][20]/Q (HIGH)

 There is 1 register/latch pin with no clock driven by root clock pin: WRdata_reg[0][21]/Q (HIGH)

 There is 1 register/latch pin with no clock driven by root clock pin: WRdata_reg[0][22]/Q (HIGH)

 There is 1 register/latch pin with no clock driven by root clock pin: WRdata_reg[0][23]/Q (HIGH)

 There is 1 register/latch pin with no clock driven by root clock pin: WRdata_reg[0][24]/Q (HIGH)

 There is 1 register/latch pin with no clock driven by root clock pin: WRdata_reg[0][25]/Q (HIGH)

 There is 1 register/latch pin with no clock driven by root clock pin: WRdata_reg[0][26]/Q (HIGH)

 There is 1 register/latch pin with no clock driven by root clock pin: WRdata_reg[0][27]/Q (HIGH)

 There is 1 register/latch pin with no clock driven by root clock pin: WRdata_reg[0][28]/Q (HIGH)

 There is 1 register/latch pin with no clock driven by root clock pin: WRdata_reg[0][29]/Q (HIGH)

 There is 1 register/latch pin with no clock driven by root clock pin: WRdata_reg[0][2]/Q (HIGH)

 There is 1 register/latch pin with no clock driven by root clock pin: WRdata_reg[0][30]/Q (HIGH)

 There is 1 register/latch pin with no clock driven by root clock pin: WRdata_reg[0][31]/Q (HIGH)

 There is 1 register/latch pin with no clock driven by root clock pin: WRdata_reg[0][3]/Q (HIGH)

 There is 1 register/latch pin with no clock driven by root clock pin: WRdata_reg[0][4]/Q (HIGH)

 There is 1 register/latch pin with no clock driven by root clock pin: WRdata_reg[0][5]/Q (HIGH)

 There is 1 register/latch pin with no clock driven by root clock pin: WRdata_reg[0][6]/Q (HIGH)

 There is 1 register/latch pin with no clock driven by root clock pin: WRdata_reg[0][7]/Q (HIGH)

 There is 1 register/latch pin with no clock driven by root clock pin: WRdata_reg[0][8]/Q (HIGH)

 There is 1 register/latch pin with no clock driven by root clock pin: WRdata_reg[0][9]/Q (HIGH)

 There is 1 register/latch pin with no clock driven by root clock pin: WRdata_reg[10][0]/Q (HIGH)

 There is 1 register/latch pin with no clock driven by root clock pin: WRdata_reg[10][10]/Q (HIGH)

 There is 1 register/latch pin with no clock driven by root clock pin: WRdata_reg[10][11]/Q (HIGH)

 There is 1 register/latch pin with no clock driven by root clock pin: WRdata_reg[10][12]/Q (HIGH)

 There is 1 register/latch pin with no clock driven by root clock pin: WRdata_reg[10][13]/Q (HIGH)

 There is 1 register/latch pin with no clock driven by root clock pin: WRdata_reg[10][14]/Q (HIGH)

 There is 1 register/latch pin with no clock driven by root clock pin: WRdata_reg[10][15]/Q (HIGH)

 There is 1 register/latch pin with no clock driven by root clock pin: WRdata_reg[10][16]/Q (HIGH)

 There is 1 register/latch pin with no clock driven by root clock pin: WRdata_reg[10][17]/Q (HIGH)

 There is 1 register/latch pin with no clock driven by root clock pin: WRdata_reg[10][18]/Q (HIGH)

 There is 1 register/latch pin with no clock driven by root clock pin: WRdata_reg[10][19]/Q (HIGH)

 There is 1 register/latch pin with no clock driven by root clock pin: WRdata_reg[10][1]/Q (HIGH)

 There is 1 register/latch pin with no clock driven by root clock pin: WRdata_reg[10][20]/Q (HIGH)

 There is 1 register/latch pin with no clock driven by root clock pin: WRdata_reg[10][21]/Q (HIGH)

 There is 1 register/latch pin with no clock driven by root clock pin: WRdata_reg[10][22]/Q (HIGH)

 There is 1 register/latch pin with no clock driven by root clock pin: WRdata_reg[10][23]/Q (HIGH)

 There is 1 register/latch pin with no clock driven by root clock pin: WRdata_reg[10][24]/Q (HIGH)

 There is 1 register/latch pin with no clock driven by root clock pin: WRdata_reg[10][25]/Q (HIGH)

 There is 1 register/latch pin with no clock driven by root clock pin: WRdata_reg[10][26]/Q (HIGH)

 There is 1 register/latch pin with no clock driven by root clock pin: WRdata_reg[10][27]/Q (HIGH)

 There is 1 register/latch pin with no clock driven by root clock pin: WRdata_reg[10][28]/Q (HIGH)

 There is 1 register/latch pin with no clock driven by root clock pin: WRdata_reg[10][29]/Q (HIGH)

 There is 1 register/latch pin with no clock driven by root clock pin: WRdata_reg[10][2]/Q (HIGH)

 There is 1 register/latch pin with no clock driven by root clock pin: WRdata_reg[10][30]/Q (HIGH)

 There is 1 register/latch pin with no clock driven by root clock pin: WRdata_reg[10][31]/Q (HIGH)

 There is 1 register/latch pin with no clock driven by root clock pin: WRdata_reg[10][3]/Q (HIGH)

 There is 1 register/latch pin with no clock driven by root clock pin: WRdata_reg[10][4]/Q (HIGH)

 There is 1 register/latch pin with no clock driven by root clock pin: WRdata_reg[10][5]/Q (HIGH)

 There is 1 register/latch pin with no clock driven by root clock pin: WRdata_reg[10][6]/Q (HIGH)

 There is 1 register/latch pin with no clock driven by root clock pin: WRdata_reg[10][7]/Q (HIGH)

 There is 1 register/latch pin with no clock driven by root clock pin: WRdata_reg[10][8]/Q (HIGH)

 There is 1 register/latch pin with no clock driven by root clock pin: WRdata_reg[10][9]/Q (HIGH)

 There is 1 register/latch pin with no clock driven by root clock pin: WRdata_reg[11][0]/Q (HIGH)

 There is 1 register/latch pin with no clock driven by root clock pin: WRdata_reg[11][10]/Q (HIGH)

 There is 1 register/latch pin with no clock driven by root clock pin: WRdata_reg[11][11]/Q (HIGH)

 There is 1 register/latch pin with no clock driven by root clock pin: WRdata_reg[11][12]/Q (HIGH)

 There is 1 register/latch pin with no clock driven by root clock pin: WRdata_reg[11][13]/Q (HIGH)

 There is 1 register/latch pin with no clock driven by root clock pin: WRdata_reg[11][14]/Q (HIGH)

 There is 1 register/latch pin with no clock driven by root clock pin: WRdata_reg[11][15]/Q (HIGH)

 There is 1 register/latch pin with no clock driven by root clock pin: WRdata_reg[11][16]/Q (HIGH)

 There is 1 register/latch pin with no clock driven by root clock pin: WRdata_reg[11][17]/Q (HIGH)

 There is 1 register/latch pin with no clock driven by root clock pin: WRdata_reg[11][18]/Q (HIGH)

 There is 1 register/latch pin with no clock driven by root clock pin: WRdata_reg[11][19]/Q (HIGH)

 There is 1 register/latch pin with no clock driven by root clock pin: WRdata_reg[11][1]/Q (HIGH)

 There is 1 register/latch pin with no clock driven by root clock pin: WRdata_reg[11][20]/Q (HIGH)

 There is 1 register/latch pin with no clock driven by root clock pin: WRdata_reg[11][21]/Q (HIGH)

 There is 1 register/latch pin with no clock driven by root clock pin: WRdata_reg[11][22]/Q (HIGH)

 There is 1 register/latch pin with no clock driven by root clock pin: WRdata_reg[11][23]/Q (HIGH)

 There is 1 register/latch pin with no clock driven by root clock pin: WRdata_reg[11][24]/Q (HIGH)

 There is 1 register/latch pin with no clock driven by root clock pin: WRdata_reg[11][25]/Q (HIGH)

 There is 1 register/latch pin with no clock driven by root clock pin: WRdata_reg[11][26]/Q (HIGH)

 There is 1 register/latch pin with no clock driven by root clock pin: WRdata_reg[11][27]/Q (HIGH)

 There is 1 register/latch pin with no clock driven by root clock pin: WRdata_reg[11][28]/Q (HIGH)

 There is 1 register/latch pin with no clock driven by root clock pin: WRdata_reg[11][29]/Q (HIGH)

 There is 1 register/latch pin with no clock driven by root clock pin: WRdata_reg[11][2]/Q (HIGH)

 There is 1 register/latch pin with no clock driven by root clock pin: WRdata_reg[11][30]/Q (HIGH)

 There is 1 register/latch pin with no clock driven by root clock pin: WRdata_reg[11][31]/Q (HIGH)

 There is 1 register/latch pin with no clock driven by root clock pin: WRdata_reg[11][3]/Q (HIGH)

 There is 1 register/latch pin with no clock driven by root clock pin: WRdata_reg[11][4]/Q (HIGH)

 There is 1 register/latch pin with no clock driven by root clock pin: WRdata_reg[11][5]/Q (HIGH)

 There is 1 register/latch pin with no clock driven by root clock pin: WRdata_reg[11][6]/Q (HIGH)

 There is 1 register/latch pin with no clock driven by root clock pin: WRdata_reg[11][7]/Q (HIGH)

 There is 1 register/latch pin with no clock driven by root clock pin: WRdata_reg[11][8]/Q (HIGH)

 There is 1 register/latch pin with no clock driven by root clock pin: WRdata_reg[11][9]/Q (HIGH)

 There is 1 register/latch pin with no clock driven by root clock pin: WRdata_reg[12][0]/Q (HIGH)

 There is 1 register/latch pin with no clock driven by root clock pin: WRdata_reg[12][10]/Q (HIGH)

 There is 1 register/latch pin with no clock driven by root clock pin: WRdata_reg[12][11]/Q (HIGH)

 There is 1 register/latch pin with no clock driven by root clock pin: WRdata_reg[12][12]/Q (HIGH)

 There is 1 register/latch pin with no clock driven by root clock pin: WRdata_reg[12][13]/Q (HIGH)

 There is 1 register/latch pin with no clock driven by root clock pin: WRdata_reg[12][14]/Q (HIGH)

 There is 1 register/latch pin with no clock driven by root clock pin: WRdata_reg[12][15]/Q (HIGH)

 There is 1 register/latch pin with no clock driven by root clock pin: WRdata_reg[12][16]/Q (HIGH)

 There is 1 register/latch pin with no clock driven by root clock pin: WRdata_reg[12][17]/Q (HIGH)

 There is 1 register/latch pin with no clock driven by root clock pin: WRdata_reg[12][18]/Q (HIGH)

 There is 1 register/latch pin with no clock driven by root clock pin: WRdata_reg[12][19]/Q (HIGH)

 There is 1 register/latch pin with no clock driven by root clock pin: WRdata_reg[12][1]/Q (HIGH)

 There is 1 register/latch pin with no clock driven by root clock pin: WRdata_reg[12][20]/Q (HIGH)

 There is 1 register/latch pin with no clock driven by root clock pin: WRdata_reg[12][21]/Q (HIGH)

 There is 1 register/latch pin with no clock driven by root clock pin: WRdata_reg[12][22]/Q (HIGH)

 There is 1 register/latch pin with no clock driven by root clock pin: WRdata_reg[12][23]/Q (HIGH)

 There is 1 register/latch pin with no clock driven by root clock pin: WRdata_reg[12][24]/Q (HIGH)

 There is 1 register/latch pin with no clock driven by root clock pin: WRdata_reg[12][25]/Q (HIGH)

 There is 1 register/latch pin with no clock driven by root clock pin: WRdata_reg[12][26]/Q (HIGH)

 There is 1 register/latch pin with no clock driven by root clock pin: WRdata_reg[12][27]/Q (HIGH)

 There is 1 register/latch pin with no clock driven by root clock pin: WRdata_reg[12][28]/Q (HIGH)

 There is 1 register/latch pin with no clock driven by root clock pin: WRdata_reg[12][29]/Q (HIGH)

 There is 1 register/latch pin with no clock driven by root clock pin: WRdata_reg[12][2]/Q (HIGH)

 There is 1 register/latch pin with no clock driven by root clock pin: WRdata_reg[12][30]/Q (HIGH)

 There is 1 register/latch pin with no clock driven by root clock pin: WRdata_reg[12][31]/Q (HIGH)

 There is 1 register/latch pin with no clock driven by root clock pin: WRdata_reg[12][3]/Q (HIGH)

 There is 1 register/latch pin with no clock driven by root clock pin: WRdata_reg[12][4]/Q (HIGH)

 There is 1 register/latch pin with no clock driven by root clock pin: WRdata_reg[12][5]/Q (HIGH)

 There is 1 register/latch pin with no clock driven by root clock pin: WRdata_reg[12][6]/Q (HIGH)

 There is 1 register/latch pin with no clock driven by root clock pin: WRdata_reg[12][7]/Q (HIGH)

 There is 1 register/latch pin with no clock driven by root clock pin: WRdata_reg[12][8]/Q (HIGH)

 There is 1 register/latch pin with no clock driven by root clock pin: WRdata_reg[12][9]/Q (HIGH)

 There is 1 register/latch pin with no clock driven by root clock pin: WRdata_reg[13][0]/Q (HIGH)

 There is 1 register/latch pin with no clock driven by root clock pin: WRdata_reg[13][10]/Q (HIGH)

 There is 1 register/latch pin with no clock driven by root clock pin: WRdata_reg[13][11]/Q (HIGH)

 There is 1 register/latch pin with no clock driven by root clock pin: WRdata_reg[13][12]/Q (HIGH)

 There is 1 register/latch pin with no clock driven by root clock pin: WRdata_reg[13][13]/Q (HIGH)

 There is 1 register/latch pin with no clock driven by root clock pin: WRdata_reg[13][14]/Q (HIGH)

 There is 1 register/latch pin with no clock driven by root clock pin: WRdata_reg[13][15]/Q (HIGH)

 There is 1 register/latch pin with no clock driven by root clock pin: WRdata_reg[13][16]/Q (HIGH)

 There is 1 register/latch pin with no clock driven by root clock pin: WRdata_reg[13][17]/Q (HIGH)

 There is 1 register/latch pin with no clock driven by root clock pin: WRdata_reg[13][18]/Q (HIGH)

 There is 1 register/latch pin with no clock driven by root clock pin: WRdata_reg[13][19]/Q (HIGH)

 There is 1 register/latch pin with no clock driven by root clock pin: WRdata_reg[13][1]/Q (HIGH)

 There is 1 register/latch pin with no clock driven by root clock pin: WRdata_reg[13][20]/Q (HIGH)

 There is 1 register/latch pin with no clock driven by root clock pin: WRdata_reg[13][21]/Q (HIGH)

 There is 1 register/latch pin with no clock driven by root clock pin: WRdata_reg[13][22]/Q (HIGH)

 There is 1 register/latch pin with no clock driven by root clock pin: WRdata_reg[13][23]/Q (HIGH)

 There is 1 register/latch pin with no clock driven by root clock pin: WRdata_reg[13][24]/Q (HIGH)

 There is 1 register/latch pin with no clock driven by root clock pin: WRdata_reg[13][25]/Q (HIGH)

 There is 1 register/latch pin with no clock driven by root clock pin: WRdata_reg[13][26]/Q (HIGH)

 There is 1 register/latch pin with no clock driven by root clock pin: WRdata_reg[13][27]/Q (HIGH)

 There is 1 register/latch pin with no clock driven by root clock pin: WRdata_reg[13][28]/Q (HIGH)

 There is 1 register/latch pin with no clock driven by root clock pin: WRdata_reg[13][29]/Q (HIGH)

 There is 1 register/latch pin with no clock driven by root clock pin: WRdata_reg[13][2]/Q (HIGH)

 There is 1 register/latch pin with no clock driven by root clock pin: WRdata_reg[13][30]/Q (HIGH)

 There is 1 register/latch pin with no clock driven by root clock pin: WRdata_reg[13][31]/Q (HIGH)

 There is 1 register/latch pin with no clock driven by root clock pin: WRdata_reg[13][3]/Q (HIGH)

 There is 1 register/latch pin with no clock driven by root clock pin: WRdata_reg[13][4]/Q (HIGH)

 There is 1 register/latch pin with no clock driven by root clock pin: WRdata_reg[13][5]/Q (HIGH)

 There is 1 register/latch pin with no clock driven by root clock pin: WRdata_reg[13][6]/Q (HIGH)

 There is 1 register/latch pin with no clock driven by root clock pin: WRdata_reg[13][7]/Q (HIGH)

 There is 1 register/latch pin with no clock driven by root clock pin: WRdata_reg[13][8]/Q (HIGH)

 There is 1 register/latch pin with no clock driven by root clock pin: WRdata_reg[13][9]/Q (HIGH)

 There is 1 register/latch pin with no clock driven by root clock pin: WRdata_reg[14][0]/Q (HIGH)

 There is 1 register/latch pin with no clock driven by root clock pin: WRdata_reg[14][10]/Q (HIGH)

 There is 1 register/latch pin with no clock driven by root clock pin: WRdata_reg[14][11]/Q (HIGH)

 There is 1 register/latch pin with no clock driven by root clock pin: WRdata_reg[14][12]/Q (HIGH)

 There is 1 register/latch pin with no clock driven by root clock pin: WRdata_reg[14][13]/Q (HIGH)

 There is 1 register/latch pin with no clock driven by root clock pin: WRdata_reg[14][14]/Q (HIGH)

 There is 1 register/latch pin with no clock driven by root clock pin: WRdata_reg[14][15]/Q (HIGH)

 There is 1 register/latch pin with no clock driven by root clock pin: WRdata_reg[14][16]/Q (HIGH)

 There is 1 register/latch pin with no clock driven by root clock pin: WRdata_reg[14][17]/Q (HIGH)

 There is 1 register/latch pin with no clock driven by root clock pin: WRdata_reg[14][18]/Q (HIGH)

 There is 1 register/latch pin with no clock driven by root clock pin: WRdata_reg[14][19]/Q (HIGH)

 There is 1 register/latch pin with no clock driven by root clock pin: WRdata_reg[14][1]/Q (HIGH)

 There is 1 register/latch pin with no clock driven by root clock pin: WRdata_reg[14][20]/Q (HIGH)

 There is 1 register/latch pin with no clock driven by root clock pin: WRdata_reg[14][21]/Q (HIGH)

 There is 1 register/latch pin with no clock driven by root clock pin: WRdata_reg[14][22]/Q (HIGH)

 There is 1 register/latch pin with no clock driven by root clock pin: WRdata_reg[14][23]/Q (HIGH)

 There is 1 register/latch pin with no clock driven by root clock pin: WRdata_reg[14][24]/Q (HIGH)

 There is 1 register/latch pin with no clock driven by root clock pin: WRdata_reg[14][25]/Q (HIGH)

 There is 1 register/latch pin with no clock driven by root clock pin: WRdata_reg[14][26]/Q (HIGH)

 There is 1 register/latch pin with no clock driven by root clock pin: WRdata_reg[14][27]/Q (HIGH)

 There is 1 register/latch pin with no clock driven by root clock pin: WRdata_reg[14][28]/Q (HIGH)

 There is 1 register/latch pin with no clock driven by root clock pin: WRdata_reg[14][29]/Q (HIGH)

 There is 1 register/latch pin with no clock driven by root clock pin: WRdata_reg[14][2]/Q (HIGH)

 There is 1 register/latch pin with no clock driven by root clock pin: WRdata_reg[14][30]/Q (HIGH)

 There is 1 register/latch pin with no clock driven by root clock pin: WRdata_reg[14][31]/Q (HIGH)

 There is 1 register/latch pin with no clock driven by root clock pin: WRdata_reg[14][3]/Q (HIGH)

 There is 1 register/latch pin with no clock driven by root clock pin: WRdata_reg[14][4]/Q (HIGH)

 There is 1 register/latch pin with no clock driven by root clock pin: WRdata_reg[14][5]/Q (HIGH)

 There is 1 register/latch pin with no clock driven by root clock pin: WRdata_reg[14][6]/Q (HIGH)

 There is 1 register/latch pin with no clock driven by root clock pin: WRdata_reg[14][7]/Q (HIGH)

 There is 1 register/latch pin with no clock driven by root clock pin: WRdata_reg[14][8]/Q (HIGH)

 There is 1 register/latch pin with no clock driven by root clock pin: WRdata_reg[14][9]/Q (HIGH)

 There is 1 register/latch pin with no clock driven by root clock pin: WRdata_reg[15][0]/Q (HIGH)

 There is 1 register/latch pin with no clock driven by root clock pin: WRdata_reg[15][10]/Q (HIGH)

 There is 1 register/latch pin with no clock driven by root clock pin: WRdata_reg[15][11]/Q (HIGH)

 There is 1 register/latch pin with no clock driven by root clock pin: WRdata_reg[15][12]/Q (HIGH)

 There is 1 register/latch pin with no clock driven by root clock pin: WRdata_reg[15][13]/Q (HIGH)

 There is 1 register/latch pin with no clock driven by root clock pin: WRdata_reg[15][14]/Q (HIGH)

 There is 1 register/latch pin with no clock driven by root clock pin: WRdata_reg[15][15]/Q (HIGH)

 There is 1 register/latch pin with no clock driven by root clock pin: WRdata_reg[15][16]/Q (HIGH)

 There is 1 register/latch pin with no clock driven by root clock pin: WRdata_reg[15][17]/Q (HIGH)

 There is 1 register/latch pin with no clock driven by root clock pin: WRdata_reg[15][18]/Q (HIGH)

 There is 1 register/latch pin with no clock driven by root clock pin: WRdata_reg[15][19]/Q (HIGH)

 There is 1 register/latch pin with no clock driven by root clock pin: WRdata_reg[15][1]/Q (HIGH)

 There is 1 register/latch pin with no clock driven by root clock pin: WRdata_reg[15][20]/Q (HIGH)

 There is 1 register/latch pin with no clock driven by root clock pin: WRdata_reg[15][21]/Q (HIGH)

 There is 1 register/latch pin with no clock driven by root clock pin: WRdata_reg[15][22]/Q (HIGH)

 There is 1 register/latch pin with no clock driven by root clock pin: WRdata_reg[15][23]/Q (HIGH)

 There is 1 register/latch pin with no clock driven by root clock pin: WRdata_reg[15][24]/Q (HIGH)

 There is 1 register/latch pin with no clock driven by root clock pin: WRdata_reg[15][25]/Q (HIGH)

 There is 1 register/latch pin with no clock driven by root clock pin: WRdata_reg[15][26]/Q (HIGH)

 There is 1 register/latch pin with no clock driven by root clock pin: WRdata_reg[15][27]/Q (HIGH)

 There is 1 register/latch pin with no clock driven by root clock pin: WRdata_reg[15][28]/Q (HIGH)

 There is 1 register/latch pin with no clock driven by root clock pin: WRdata_reg[15][29]/Q (HIGH)

 There is 1 register/latch pin with no clock driven by root clock pin: WRdata_reg[15][2]/Q (HIGH)

 There is 1 register/latch pin with no clock driven by root clock pin: WRdata_reg[15][30]/Q (HIGH)

 There is 1 register/latch pin with no clock driven by root clock pin: WRdata_reg[15][31]/Q (HIGH)

 There is 1 register/latch pin with no clock driven by root clock pin: WRdata_reg[15][3]/Q (HIGH)

 There is 1 register/latch pin with no clock driven by root clock pin: WRdata_reg[15][4]/Q (HIGH)

 There is 1 register/latch pin with no clock driven by root clock pin: WRdata_reg[15][5]/Q (HIGH)

 There is 1 register/latch pin with no clock driven by root clock pin: WRdata_reg[15][6]/Q (HIGH)

 There is 1 register/latch pin with no clock driven by root clock pin: WRdata_reg[15][7]/Q (HIGH)

 There is 1 register/latch pin with no clock driven by root clock pin: WRdata_reg[15][8]/Q (HIGH)

 There is 1 register/latch pin with no clock driven by root clock pin: WRdata_reg[15][9]/Q (HIGH)

 There is 1 register/latch pin with no clock driven by root clock pin: WRdata_reg[1][0]/Q (HIGH)

 There is 1 register/latch pin with no clock driven by root clock pin: WRdata_reg[1][10]/Q (HIGH)

 There is 1 register/latch pin with no clock driven by root clock pin: WRdata_reg[1][11]/Q (HIGH)

 There is 1 register/latch pin with no clock driven by root clock pin: WRdata_reg[1][12]/Q (HIGH)

 There is 1 register/latch pin with no clock driven by root clock pin: WRdata_reg[1][13]/Q (HIGH)

 There is 1 register/latch pin with no clock driven by root clock pin: WRdata_reg[1][14]/Q (HIGH)

 There is 1 register/latch pin with no clock driven by root clock pin: WRdata_reg[1][15]/Q (HIGH)

 There is 1 register/latch pin with no clock driven by root clock pin: WRdata_reg[1][16]/Q (HIGH)

 There is 1 register/latch pin with no clock driven by root clock pin: WRdata_reg[1][17]/Q (HIGH)

 There is 1 register/latch pin with no clock driven by root clock pin: WRdata_reg[1][18]/Q (HIGH)

 There is 1 register/latch pin with no clock driven by root clock pin: WRdata_reg[1][19]/Q (HIGH)

 There is 1 register/latch pin with no clock driven by root clock pin: WRdata_reg[1][1]/Q (HIGH)

 There is 1 register/latch pin with no clock driven by root clock pin: WRdata_reg[1][20]/Q (HIGH)

 There is 1 register/latch pin with no clock driven by root clock pin: WRdata_reg[1][21]/Q (HIGH)

 There is 1 register/latch pin with no clock driven by root clock pin: WRdata_reg[1][22]/Q (HIGH)

 There is 1 register/latch pin with no clock driven by root clock pin: WRdata_reg[1][23]/Q (HIGH)

 There is 1 register/latch pin with no clock driven by root clock pin: WRdata_reg[1][24]/Q (HIGH)

 There is 1 register/latch pin with no clock driven by root clock pin: WRdata_reg[1][25]/Q (HIGH)

 There is 1 register/latch pin with no clock driven by root clock pin: WRdata_reg[1][26]/Q (HIGH)

 There is 1 register/latch pin with no clock driven by root clock pin: WRdata_reg[1][27]/Q (HIGH)

 There is 1 register/latch pin with no clock driven by root clock pin: WRdata_reg[1][28]/Q (HIGH)

 There is 1 register/latch pin with no clock driven by root clock pin: WRdata_reg[1][29]/Q (HIGH)

 There is 1 register/latch pin with no clock driven by root clock pin: WRdata_reg[1][2]/Q (HIGH)

 There is 1 register/latch pin with no clock driven by root clock pin: WRdata_reg[1][30]/Q (HIGH)

 There is 1 register/latch pin with no clock driven by root clock pin: WRdata_reg[1][31]/Q (HIGH)

 There is 1 register/latch pin with no clock driven by root clock pin: WRdata_reg[1][3]/Q (HIGH)

 There is 1 register/latch pin with no clock driven by root clock pin: WRdata_reg[1][4]/Q (HIGH)

 There is 1 register/latch pin with no clock driven by root clock pin: WRdata_reg[1][5]/Q (HIGH)

 There is 1 register/latch pin with no clock driven by root clock pin: WRdata_reg[1][6]/Q (HIGH)

 There is 1 register/latch pin with no clock driven by root clock pin: WRdata_reg[1][7]/Q (HIGH)

 There is 1 register/latch pin with no clock driven by root clock pin: WRdata_reg[1][8]/Q (HIGH)

 There is 1 register/latch pin with no clock driven by root clock pin: WRdata_reg[1][9]/Q (HIGH)

 There is 1 register/latch pin with no clock driven by root clock pin: WRdata_reg[2][0]/Q (HIGH)

 There is 1 register/latch pin with no clock driven by root clock pin: WRdata_reg[2][10]/Q (HIGH)

 There is 1 register/latch pin with no clock driven by root clock pin: WRdata_reg[2][11]/Q (HIGH)

 There is 1 register/latch pin with no clock driven by root clock pin: WRdata_reg[2][12]/Q (HIGH)

 There is 1 register/latch pin with no clock driven by root clock pin: WRdata_reg[2][13]/Q (HIGH)

 There is 1 register/latch pin with no clock driven by root clock pin: WRdata_reg[2][14]/Q (HIGH)

 There is 1 register/latch pin with no clock driven by root clock pin: WRdata_reg[2][15]/Q (HIGH)

 There is 1 register/latch pin with no clock driven by root clock pin: WRdata_reg[2][16]/Q (HIGH)

 There is 1 register/latch pin with no clock driven by root clock pin: WRdata_reg[2][17]/Q (HIGH)

 There is 1 register/latch pin with no clock driven by root clock pin: WRdata_reg[2][18]/Q (HIGH)

 There is 1 register/latch pin with no clock driven by root clock pin: WRdata_reg[2][19]/Q (HIGH)

 There is 1 register/latch pin with no clock driven by root clock pin: WRdata_reg[2][1]/Q (HIGH)

 There is 1 register/latch pin with no clock driven by root clock pin: WRdata_reg[2][20]/Q (HIGH)

 There is 1 register/latch pin with no clock driven by root clock pin: WRdata_reg[2][21]/Q (HIGH)

 There is 1 register/latch pin with no clock driven by root clock pin: WRdata_reg[2][22]/Q (HIGH)

 There is 1 register/latch pin with no clock driven by root clock pin: WRdata_reg[2][23]/Q (HIGH)

 There is 1 register/latch pin with no clock driven by root clock pin: WRdata_reg[2][24]/Q (HIGH)

 There is 1 register/latch pin with no clock driven by root clock pin: WRdata_reg[2][25]/Q (HIGH)

 There is 1 register/latch pin with no clock driven by root clock pin: WRdata_reg[2][26]/Q (HIGH)

 There is 1 register/latch pin with no clock driven by root clock pin: WRdata_reg[2][27]/Q (HIGH)

 There is 1 register/latch pin with no clock driven by root clock pin: WRdata_reg[2][28]/Q (HIGH)

 There is 1 register/latch pin with no clock driven by root clock pin: WRdata_reg[2][29]/Q (HIGH)

 There is 1 register/latch pin with no clock driven by root clock pin: WRdata_reg[2][2]/Q (HIGH)

 There is 1 register/latch pin with no clock driven by root clock pin: WRdata_reg[2][30]/Q (HIGH)

 There is 1 register/latch pin with no clock driven by root clock pin: WRdata_reg[2][31]/Q (HIGH)

 There is 1 register/latch pin with no clock driven by root clock pin: WRdata_reg[2][3]/Q (HIGH)

 There is 1 register/latch pin with no clock driven by root clock pin: WRdata_reg[2][4]/Q (HIGH)

 There is 1 register/latch pin with no clock driven by root clock pin: WRdata_reg[2][5]/Q (HIGH)

 There is 1 register/latch pin with no clock driven by root clock pin: WRdata_reg[2][6]/Q (HIGH)

 There is 1 register/latch pin with no clock driven by root clock pin: WRdata_reg[2][7]/Q (HIGH)

 There is 1 register/latch pin with no clock driven by root clock pin: WRdata_reg[2][8]/Q (HIGH)

 There is 1 register/latch pin with no clock driven by root clock pin: WRdata_reg[2][9]/Q (HIGH)

 There is 1 register/latch pin with no clock driven by root clock pin: WRdata_reg[3][0]/Q (HIGH)

 There is 1 register/latch pin with no clock driven by root clock pin: WRdata_reg[3][10]/Q (HIGH)

 There is 1 register/latch pin with no clock driven by root clock pin: WRdata_reg[3][11]/Q (HIGH)

 There is 1 register/latch pin with no clock driven by root clock pin: WRdata_reg[3][12]/Q (HIGH)

 There is 1 register/latch pin with no clock driven by root clock pin: WRdata_reg[3][13]/Q (HIGH)

 There is 1 register/latch pin with no clock driven by root clock pin: WRdata_reg[3][14]/Q (HIGH)

 There is 1 register/latch pin with no clock driven by root clock pin: WRdata_reg[3][15]/Q (HIGH)

 There is 1 register/latch pin with no clock driven by root clock pin: WRdata_reg[3][16]/Q (HIGH)

 There is 1 register/latch pin with no clock driven by root clock pin: WRdata_reg[3][17]/Q (HIGH)

 There is 1 register/latch pin with no clock driven by root clock pin: WRdata_reg[3][18]/Q (HIGH)

 There is 1 register/latch pin with no clock driven by root clock pin: WRdata_reg[3][19]/Q (HIGH)

 There is 1 register/latch pin with no clock driven by root clock pin: WRdata_reg[3][1]/Q (HIGH)

 There is 1 register/latch pin with no clock driven by root clock pin: WRdata_reg[3][20]/Q (HIGH)

 There is 1 register/latch pin with no clock driven by root clock pin: WRdata_reg[3][21]/Q (HIGH)

 There is 1 register/latch pin with no clock driven by root clock pin: WRdata_reg[3][22]/Q (HIGH)

 There is 1 register/latch pin with no clock driven by root clock pin: WRdata_reg[3][23]/Q (HIGH)

 There is 1 register/latch pin with no clock driven by root clock pin: WRdata_reg[3][24]/Q (HIGH)

 There is 1 register/latch pin with no clock driven by root clock pin: WRdata_reg[3][25]/Q (HIGH)

 There is 1 register/latch pin with no clock driven by root clock pin: WRdata_reg[3][26]/Q (HIGH)

 There is 1 register/latch pin with no clock driven by root clock pin: WRdata_reg[3][27]/Q (HIGH)

 There is 1 register/latch pin with no clock driven by root clock pin: WRdata_reg[3][28]/Q (HIGH)

 There is 1 register/latch pin with no clock driven by root clock pin: WRdata_reg[3][29]/Q (HIGH)

 There is 1 register/latch pin with no clock driven by root clock pin: WRdata_reg[3][2]/Q (HIGH)

 There is 1 register/latch pin with no clock driven by root clock pin: WRdata_reg[3][30]/Q (HIGH)

 There is 1 register/latch pin with no clock driven by root clock pin: WRdata_reg[3][31]/Q (HIGH)

 There is 1 register/latch pin with no clock driven by root clock pin: WRdata_reg[3][3]/Q (HIGH)

 There is 1 register/latch pin with no clock driven by root clock pin: WRdata_reg[3][4]/Q (HIGH)

 There is 1 register/latch pin with no clock driven by root clock pin: WRdata_reg[3][5]/Q (HIGH)

 There is 1 register/latch pin with no clock driven by root clock pin: WRdata_reg[3][6]/Q (HIGH)

 There is 1 register/latch pin with no clock driven by root clock pin: WRdata_reg[3][7]/Q (HIGH)

 There is 1 register/latch pin with no clock driven by root clock pin: WRdata_reg[3][8]/Q (HIGH)

 There is 1 register/latch pin with no clock driven by root clock pin: WRdata_reg[3][9]/Q (HIGH)

 There is 1 register/latch pin with no clock driven by root clock pin: WRdata_reg[4][0]/Q (HIGH)

 There is 1 register/latch pin with no clock driven by root clock pin: WRdata_reg[4][10]/Q (HIGH)

 There is 1 register/latch pin with no clock driven by root clock pin: WRdata_reg[4][11]/Q (HIGH)

 There is 1 register/latch pin with no clock driven by root clock pin: WRdata_reg[4][12]/Q (HIGH)

 There is 1 register/latch pin with no clock driven by root clock pin: WRdata_reg[4][13]/Q (HIGH)

 There is 1 register/latch pin with no clock driven by root clock pin: WRdata_reg[4][14]/Q (HIGH)

 There is 1 register/latch pin with no clock driven by root clock pin: WRdata_reg[4][15]/Q (HIGH)

 There is 1 register/latch pin with no clock driven by root clock pin: WRdata_reg[4][16]/Q (HIGH)

 There is 1 register/latch pin with no clock driven by root clock pin: WRdata_reg[4][17]/Q (HIGH)

 There is 1 register/latch pin with no clock driven by root clock pin: WRdata_reg[4][18]/Q (HIGH)

 There is 1 register/latch pin with no clock driven by root clock pin: WRdata_reg[4][19]/Q (HIGH)

 There is 1 register/latch pin with no clock driven by root clock pin: WRdata_reg[4][1]/Q (HIGH)

 There is 1 register/latch pin with no clock driven by root clock pin: WRdata_reg[4][20]/Q (HIGH)

 There is 1 register/latch pin with no clock driven by root clock pin: WRdata_reg[4][21]/Q (HIGH)

 There is 1 register/latch pin with no clock driven by root clock pin: WRdata_reg[4][22]/Q (HIGH)

 There is 1 register/latch pin with no clock driven by root clock pin: WRdata_reg[4][23]/Q (HIGH)

 There is 1 register/latch pin with no clock driven by root clock pin: WRdata_reg[4][24]/Q (HIGH)

 There is 1 register/latch pin with no clock driven by root clock pin: WRdata_reg[4][25]/Q (HIGH)

 There is 1 register/latch pin with no clock driven by root clock pin: WRdata_reg[4][26]/Q (HIGH)

 There is 1 register/latch pin with no clock driven by root clock pin: WRdata_reg[4][27]/Q (HIGH)

 There is 1 register/latch pin with no clock driven by root clock pin: WRdata_reg[4][28]/Q (HIGH)

 There is 1 register/latch pin with no clock driven by root clock pin: WRdata_reg[4][29]/Q (HIGH)

 There is 1 register/latch pin with no clock driven by root clock pin: WRdata_reg[4][2]/Q (HIGH)

 There is 1 register/latch pin with no clock driven by root clock pin: WRdata_reg[4][30]/Q (HIGH)

 There is 1 register/latch pin with no clock driven by root clock pin: WRdata_reg[4][31]/Q (HIGH)

 There is 1 register/latch pin with no clock driven by root clock pin: WRdata_reg[4][3]/Q (HIGH)

 There is 1 register/latch pin with no clock driven by root clock pin: WRdata_reg[4][4]/Q (HIGH)

 There is 1 register/latch pin with no clock driven by root clock pin: WRdata_reg[4][5]/Q (HIGH)

 There is 1 register/latch pin with no clock driven by root clock pin: WRdata_reg[4][6]/Q (HIGH)

 There is 1 register/latch pin with no clock driven by root clock pin: WRdata_reg[4][7]/Q (HIGH)

 There is 1 register/latch pin with no clock driven by root clock pin: WRdata_reg[4][8]/Q (HIGH)

 There is 1 register/latch pin with no clock driven by root clock pin: WRdata_reg[4][9]/Q (HIGH)

 There is 1 register/latch pin with no clock driven by root clock pin: WRdata_reg[5][0]/Q (HIGH)

 There is 1 register/latch pin with no clock driven by root clock pin: WRdata_reg[5][10]/Q (HIGH)

 There is 1 register/latch pin with no clock driven by root clock pin: WRdata_reg[5][11]/Q (HIGH)

 There is 1 register/latch pin with no clock driven by root clock pin: WRdata_reg[5][12]/Q (HIGH)

 There is 1 register/latch pin with no clock driven by root clock pin: WRdata_reg[5][13]/Q (HIGH)

 There is 1 register/latch pin with no clock driven by root clock pin: WRdata_reg[5][14]/Q (HIGH)

 There is 1 register/latch pin with no clock driven by root clock pin: WRdata_reg[5][15]/Q (HIGH)

 There is 1 register/latch pin with no clock driven by root clock pin: WRdata_reg[5][16]/Q (HIGH)

 There is 1 register/latch pin with no clock driven by root clock pin: WRdata_reg[5][17]/Q (HIGH)

 There is 1 register/latch pin with no clock driven by root clock pin: WRdata_reg[5][18]/Q (HIGH)

 There is 1 register/latch pin with no clock driven by root clock pin: WRdata_reg[5][19]/Q (HIGH)

 There is 1 register/latch pin with no clock driven by root clock pin: WRdata_reg[5][1]/Q (HIGH)

 There is 1 register/latch pin with no clock driven by root clock pin: WRdata_reg[5][20]/Q (HIGH)

 There is 1 register/latch pin with no clock driven by root clock pin: WRdata_reg[5][21]/Q (HIGH)

 There is 1 register/latch pin with no clock driven by root clock pin: WRdata_reg[5][22]/Q (HIGH)

 There is 1 register/latch pin with no clock driven by root clock pin: WRdata_reg[5][23]/Q (HIGH)

 There is 1 register/latch pin with no clock driven by root clock pin: WRdata_reg[5][24]/Q (HIGH)

 There is 1 register/latch pin with no clock driven by root clock pin: WRdata_reg[5][25]/Q (HIGH)

 There is 1 register/latch pin with no clock driven by root clock pin: WRdata_reg[5][26]/Q (HIGH)

 There is 1 register/latch pin with no clock driven by root clock pin: WRdata_reg[5][27]/Q (HIGH)

 There is 1 register/latch pin with no clock driven by root clock pin: WRdata_reg[5][28]/Q (HIGH)

 There is 1 register/latch pin with no clock driven by root clock pin: WRdata_reg[5][29]/Q (HIGH)

 There is 1 register/latch pin with no clock driven by root clock pin: WRdata_reg[5][2]/Q (HIGH)

 There is 1 register/latch pin with no clock driven by root clock pin: WRdata_reg[5][30]/Q (HIGH)

 There is 1 register/latch pin with no clock driven by root clock pin: WRdata_reg[5][31]/Q (HIGH)

 There is 1 register/latch pin with no clock driven by root clock pin: WRdata_reg[5][3]/Q (HIGH)

 There is 1 register/latch pin with no clock driven by root clock pin: WRdata_reg[5][4]/Q (HIGH)

 There is 1 register/latch pin with no clock driven by root clock pin: WRdata_reg[5][5]/Q (HIGH)

 There is 1 register/latch pin with no clock driven by root clock pin: WRdata_reg[5][6]/Q (HIGH)

 There is 1 register/latch pin with no clock driven by root clock pin: WRdata_reg[5][7]/Q (HIGH)

 There is 1 register/latch pin with no clock driven by root clock pin: WRdata_reg[5][8]/Q (HIGH)

 There is 1 register/latch pin with no clock driven by root clock pin: WRdata_reg[5][9]/Q (HIGH)

 There is 1 register/latch pin with no clock driven by root clock pin: WRdata_reg[6][0]/Q (HIGH)

 There is 1 register/latch pin with no clock driven by root clock pin: WRdata_reg[6][10]/Q (HIGH)

 There is 1 register/latch pin with no clock driven by root clock pin: WRdata_reg[6][11]/Q (HIGH)

 There is 1 register/latch pin with no clock driven by root clock pin: WRdata_reg[6][12]/Q (HIGH)

 There is 1 register/latch pin with no clock driven by root clock pin: WRdata_reg[6][13]/Q (HIGH)

 There is 1 register/latch pin with no clock driven by root clock pin: WRdata_reg[6][14]/Q (HIGH)

 There is 1 register/latch pin with no clock driven by root clock pin: WRdata_reg[6][15]/Q (HIGH)

 There is 1 register/latch pin with no clock driven by root clock pin: WRdata_reg[6][16]/Q (HIGH)

 There is 1 register/latch pin with no clock driven by root clock pin: WRdata_reg[6][17]/Q (HIGH)

 There is 1 register/latch pin with no clock driven by root clock pin: WRdata_reg[6][18]/Q (HIGH)

 There is 1 register/latch pin with no clock driven by root clock pin: WRdata_reg[6][19]/Q (HIGH)

 There is 1 register/latch pin with no clock driven by root clock pin: WRdata_reg[6][1]/Q (HIGH)

 There is 1 register/latch pin with no clock driven by root clock pin: WRdata_reg[6][20]/Q (HIGH)

 There is 1 register/latch pin with no clock driven by root clock pin: WRdata_reg[6][21]/Q (HIGH)

 There is 1 register/latch pin with no clock driven by root clock pin: WRdata_reg[6][22]/Q (HIGH)

 There is 1 register/latch pin with no clock driven by root clock pin: WRdata_reg[6][23]/Q (HIGH)

 There is 1 register/latch pin with no clock driven by root clock pin: WRdata_reg[6][24]/Q (HIGH)

 There is 1 register/latch pin with no clock driven by root clock pin: WRdata_reg[6][25]/Q (HIGH)

 There is 1 register/latch pin with no clock driven by root clock pin: WRdata_reg[6][26]/Q (HIGH)

 There is 1 register/latch pin with no clock driven by root clock pin: WRdata_reg[6][27]/Q (HIGH)

 There is 1 register/latch pin with no clock driven by root clock pin: WRdata_reg[6][28]/Q (HIGH)

 There is 1 register/latch pin with no clock driven by root clock pin: WRdata_reg[6][29]/Q (HIGH)

 There is 1 register/latch pin with no clock driven by root clock pin: WRdata_reg[6][2]/Q (HIGH)

 There is 1 register/latch pin with no clock driven by root clock pin: WRdata_reg[6][30]/Q (HIGH)

 There is 1 register/latch pin with no clock driven by root clock pin: WRdata_reg[6][31]/Q (HIGH)

 There is 1 register/latch pin with no clock driven by root clock pin: WRdata_reg[6][3]/Q (HIGH)

 There is 1 register/latch pin with no clock driven by root clock pin: WRdata_reg[6][4]/Q (HIGH)

 There is 1 register/latch pin with no clock driven by root clock pin: WRdata_reg[6][5]/Q (HIGH)

 There is 1 register/latch pin with no clock driven by root clock pin: WRdata_reg[6][6]/Q (HIGH)

 There is 1 register/latch pin with no clock driven by root clock pin: WRdata_reg[6][7]/Q (HIGH)

 There is 1 register/latch pin with no clock driven by root clock pin: WRdata_reg[6][8]/Q (HIGH)

 There is 1 register/latch pin with no clock driven by root clock pin: WRdata_reg[6][9]/Q (HIGH)

 There is 1 register/latch pin with no clock driven by root clock pin: WRdata_reg[7][0]/Q (HIGH)

 There is 1 register/latch pin with no clock driven by root clock pin: WRdata_reg[7][10]/Q (HIGH)

 There is 1 register/latch pin with no clock driven by root clock pin: WRdata_reg[7][11]/Q (HIGH)

 There is 1 register/latch pin with no clock driven by root clock pin: WRdata_reg[7][12]/Q (HIGH)

 There is 1 register/latch pin with no clock driven by root clock pin: WRdata_reg[7][13]/Q (HIGH)

 There is 1 register/latch pin with no clock driven by root clock pin: WRdata_reg[7][14]/Q (HIGH)

 There is 1 register/latch pin with no clock driven by root clock pin: WRdata_reg[7][15]/Q (HIGH)

 There is 1 register/latch pin with no clock driven by root clock pin: WRdata_reg[7][16]/Q (HIGH)

 There is 1 register/latch pin with no clock driven by root clock pin: WRdata_reg[7][17]/Q (HIGH)

 There is 1 register/latch pin with no clock driven by root clock pin: WRdata_reg[7][18]/Q (HIGH)

 There is 1 register/latch pin with no clock driven by root clock pin: WRdata_reg[7][19]/Q (HIGH)

 There is 1 register/latch pin with no clock driven by root clock pin: WRdata_reg[7][1]/Q (HIGH)

 There is 1 register/latch pin with no clock driven by root clock pin: WRdata_reg[7][20]/Q (HIGH)

 There is 1 register/latch pin with no clock driven by root clock pin: WRdata_reg[7][21]/Q (HIGH)

 There is 1 register/latch pin with no clock driven by root clock pin: WRdata_reg[7][22]/Q (HIGH)

 There is 1 register/latch pin with no clock driven by root clock pin: WRdata_reg[7][23]/Q (HIGH)

 There is 1 register/latch pin with no clock driven by root clock pin: WRdata_reg[7][24]/Q (HIGH)

 There is 1 register/latch pin with no clock driven by root clock pin: WRdata_reg[7][25]/Q (HIGH)

 There is 1 register/latch pin with no clock driven by root clock pin: WRdata_reg[7][26]/Q (HIGH)

 There is 1 register/latch pin with no clock driven by root clock pin: WRdata_reg[7][27]/Q (HIGH)

 There is 1 register/latch pin with no clock driven by root clock pin: WRdata_reg[7][28]/Q (HIGH)

 There is 1 register/latch pin with no clock driven by root clock pin: WRdata_reg[7][29]/Q (HIGH)

 There is 1 register/latch pin with no clock driven by root clock pin: WRdata_reg[7][2]/Q (HIGH)

 There is 1 register/latch pin with no clock driven by root clock pin: WRdata_reg[7][30]/Q (HIGH)

 There is 1 register/latch pin with no clock driven by root clock pin: WRdata_reg[7][31]/Q (HIGH)

 There is 1 register/latch pin with no clock driven by root clock pin: WRdata_reg[7][3]/Q (HIGH)

 There is 1 register/latch pin with no clock driven by root clock pin: WRdata_reg[7][4]/Q (HIGH)

 There is 1 register/latch pin with no clock driven by root clock pin: WRdata_reg[7][5]/Q (HIGH)

 There is 1 register/latch pin with no clock driven by root clock pin: WRdata_reg[7][6]/Q (HIGH)

 There is 1 register/latch pin with no clock driven by root clock pin: WRdata_reg[7][7]/Q (HIGH)

 There is 1 register/latch pin with no clock driven by root clock pin: WRdata_reg[7][8]/Q (HIGH)

 There is 1 register/latch pin with no clock driven by root clock pin: WRdata_reg[7][9]/Q (HIGH)

 There is 1 register/latch pin with no clock driven by root clock pin: WRdata_reg[8][0]/Q (HIGH)

 There is 1 register/latch pin with no clock driven by root clock pin: WRdata_reg[8][10]/Q (HIGH)

 There is 1 register/latch pin with no clock driven by root clock pin: WRdata_reg[8][11]/Q (HIGH)

 There is 1 register/latch pin with no clock driven by root clock pin: WRdata_reg[8][12]/Q (HIGH)

 There is 1 register/latch pin with no clock driven by root clock pin: WRdata_reg[8][13]/Q (HIGH)

 There is 1 register/latch pin with no clock driven by root clock pin: WRdata_reg[8][14]/Q (HIGH)

 There is 1 register/latch pin with no clock driven by root clock pin: WRdata_reg[8][15]/Q (HIGH)

 There is 1 register/latch pin with no clock driven by root clock pin: WRdata_reg[8][16]/Q (HIGH)

 There is 1 register/latch pin with no clock driven by root clock pin: WRdata_reg[8][17]/Q (HIGH)

 There is 1 register/latch pin with no clock driven by root clock pin: WRdata_reg[8][18]/Q (HIGH)

 There is 1 register/latch pin with no clock driven by root clock pin: WRdata_reg[8][19]/Q (HIGH)

 There is 1 register/latch pin with no clock driven by root clock pin: WRdata_reg[8][1]/Q (HIGH)

 There is 1 register/latch pin with no clock driven by root clock pin: WRdata_reg[8][20]/Q (HIGH)

 There is 1 register/latch pin with no clock driven by root clock pin: WRdata_reg[8][21]/Q (HIGH)

 There is 1 register/latch pin with no clock driven by root clock pin: WRdata_reg[8][22]/Q (HIGH)

 There is 1 register/latch pin with no clock driven by root clock pin: WRdata_reg[8][23]/Q (HIGH)

 There is 1 register/latch pin with no clock driven by root clock pin: WRdata_reg[8][24]/Q (HIGH)

 There is 1 register/latch pin with no clock driven by root clock pin: WRdata_reg[8][25]/Q (HIGH)

 There is 1 register/latch pin with no clock driven by root clock pin: WRdata_reg[8][26]/Q (HIGH)

 There is 1 register/latch pin with no clock driven by root clock pin: WRdata_reg[8][27]/Q (HIGH)

 There is 1 register/latch pin with no clock driven by root clock pin: WRdata_reg[8][28]/Q (HIGH)

 There is 1 register/latch pin with no clock driven by root clock pin: WRdata_reg[8][29]/Q (HIGH)

 There is 1 register/latch pin with no clock driven by root clock pin: WRdata_reg[8][2]/Q (HIGH)

 There is 1 register/latch pin with no clock driven by root clock pin: WRdata_reg[8][30]/Q (HIGH)

 There is 1 register/latch pin with no clock driven by root clock pin: WRdata_reg[8][31]/Q (HIGH)

 There is 1 register/latch pin with no clock driven by root clock pin: WRdata_reg[8][3]/Q (HIGH)

 There is 1 register/latch pin with no clock driven by root clock pin: WRdata_reg[8][4]/Q (HIGH)

 There is 1 register/latch pin with no clock driven by root clock pin: WRdata_reg[8][5]/Q (HIGH)

 There is 1 register/latch pin with no clock driven by root clock pin: WRdata_reg[8][6]/Q (HIGH)

 There is 1 register/latch pin with no clock driven by root clock pin: WRdata_reg[8][7]/Q (HIGH)

 There is 1 register/latch pin with no clock driven by root clock pin: WRdata_reg[8][8]/Q (HIGH)

 There is 1 register/latch pin with no clock driven by root clock pin: WRdata_reg[8][9]/Q (HIGH)

 There is 1 register/latch pin with no clock driven by root clock pin: WRdata_reg[9][0]/Q (HIGH)

 There is 1 register/latch pin with no clock driven by root clock pin: WRdata_reg[9][10]/Q (HIGH)

 There is 1 register/latch pin with no clock driven by root clock pin: WRdata_reg[9][11]/Q (HIGH)

 There is 1 register/latch pin with no clock driven by root clock pin: WRdata_reg[9][12]/Q (HIGH)

 There is 1 register/latch pin with no clock driven by root clock pin: WRdata_reg[9][13]/Q (HIGH)

 There is 1 register/latch pin with no clock driven by root clock pin: WRdata_reg[9][14]/Q (HIGH)

 There is 1 register/latch pin with no clock driven by root clock pin: WRdata_reg[9][15]/Q (HIGH)

 There is 1 register/latch pin with no clock driven by root clock pin: WRdata_reg[9][16]/Q (HIGH)

 There is 1 register/latch pin with no clock driven by root clock pin: WRdata_reg[9][17]/Q (HIGH)

 There is 1 register/latch pin with no clock driven by root clock pin: WRdata_reg[9][18]/Q (HIGH)

 There is 1 register/latch pin with no clock driven by root clock pin: WRdata_reg[9][19]/Q (HIGH)

 There is 1 register/latch pin with no clock driven by root clock pin: WRdata_reg[9][1]/Q (HIGH)

 There is 1 register/latch pin with no clock driven by root clock pin: WRdata_reg[9][20]/Q (HIGH)

 There is 1 register/latch pin with no clock driven by root clock pin: WRdata_reg[9][21]/Q (HIGH)

 There is 1 register/latch pin with no clock driven by root clock pin: WRdata_reg[9][22]/Q (HIGH)

 There is 1 register/latch pin with no clock driven by root clock pin: WRdata_reg[9][23]/Q (HIGH)

 There is 1 register/latch pin with no clock driven by root clock pin: WRdata_reg[9][24]/Q (HIGH)

 There is 1 register/latch pin with no clock driven by root clock pin: WRdata_reg[9][25]/Q (HIGH)

 There is 1 register/latch pin with no clock driven by root clock pin: WRdata_reg[9][26]/Q (HIGH)

 There is 1 register/latch pin with no clock driven by root clock pin: WRdata_reg[9][27]/Q (HIGH)

 There is 1 register/latch pin with no clock driven by root clock pin: WRdata_reg[9][28]/Q (HIGH)

 There is 1 register/latch pin with no clock driven by root clock pin: WRdata_reg[9][29]/Q (HIGH)

 There is 1 register/latch pin with no clock driven by root clock pin: WRdata_reg[9][2]/Q (HIGH)

 There is 1 register/latch pin with no clock driven by root clock pin: WRdata_reg[9][30]/Q (HIGH)

 There is 1 register/latch pin with no clock driven by root clock pin: WRdata_reg[9][31]/Q (HIGH)

 There is 1 register/latch pin with no clock driven by root clock pin: WRdata_reg[9][3]/Q (HIGH)

 There is 1 register/latch pin with no clock driven by root clock pin: WRdata_reg[9][4]/Q (HIGH)

 There is 1 register/latch pin with no clock driven by root clock pin: WRdata_reg[9][5]/Q (HIGH)

 There is 1 register/latch pin with no clock driven by root clock pin: WRdata_reg[9][6]/Q (HIGH)

 There is 1 register/latch pin with no clock driven by root clock pin: WRdata_reg[9][7]/Q (HIGH)

 There is 1 register/latch pin with no clock driven by root clock pin: WRdata_reg[9][8]/Q (HIGH)

 There is 1 register/latch pin with no clock driven by root clock pin: WRdata_reg[9][9]/Q (HIGH)


2. checking constant_clock
--------------------------
 There are 0 register/latch pins with constant_clock.


3. checking pulse_width_clock
-----------------------------
 There are 0 register/latch pins which need pulse_width check


4. checking unconstrained_internal_endpoints
--------------------------------------------
 There are 12178 pins that are not constrained for maximum delay. (HIGH)

 There are 0 pins that are not constrained for maximum delay due to constant clock.


5. checking no_input_delay
--------------------------
 There are 34 input ports with no input delay specified. (HIGH)

 There are 0 input ports with no input delay but user has a false path constraint.


6. checking no_output_delay
---------------------------
 There are 68 ports with no output delay specified. (HIGH)

 There are 0 ports with no output delay but user has a false path constraint

 There are 0 ports with no output delay but with a timing clock defined on it or propagating through it


7. checking multiple_clock
--------------------------
 There are 0 register/latch pins with multiple clocks.


8. checking generated_clocks
----------------------------
 There are 0 generated clocks that are not connected to a clock source.


9. checking loops
-----------------
 There are 0 combinational loops in the design.


10. checking partial_input_delay
--------------------------------
 There are 0 input ports with partial input delay specified.


11. checking partial_output_delay
---------------------------------
 There are 0 ports with partial output delay specified.


12. checking latch_loops
------------------------
 There are 0 combinational latch loops in the design through latch input



------------------------------------------------------------------------------------------------
| Design Timing Summary
| ---------------------
------------------------------------------------------------------------------------------------

    WNS(ns)      TNS(ns)  TNS Failing Endpoints  TNS Total Endpoints      WHS(ns)      THS(ns)  THS Failing Endpoints  THS Total Endpoints     WPWS(ns)     TPWS(ns)  TPWS Failing Endpoints  TPWS Total Endpoints  
    -------      -------  ---------------------  -------------------      -------      -------  ---------------------  -------------------     --------     --------  ----------------------  --------------------  
         NA           NA                     NA                   NA           NA           NA                     NA                   NA           NA           NA                      NA                    NA  


There are no user specified timing constraints.


------------------------------------------------------------------------------------------------
| Clock Summary
| -------------
------------------------------------------------------------------------------------------------


------------------------------------------------------------------------------------------------
| Intra Clock Table
| -----------------
------------------------------------------------------------------------------------------------

Clock             WNS(ns)      TNS(ns)  TNS Failing Endpoints  TNS Total Endpoints      WHS(ns)      THS(ns)  THS Failing Endpoints  THS Total Endpoints     WPWS(ns)     TPWS(ns)  TPWS Failing Endpoints  TPWS Total Endpoints  
-----             -------      -------  ---------------------  -------------------      -------      -------  ---------------------  -------------------     --------     --------  ----------------------  --------------------  


------------------------------------------------------------------------------------------------
| Inter Clock Table
| -----------------
------------------------------------------------------------------------------------------------

From Clock    To Clock          WNS(ns)      TNS(ns)  TNS Failing Endpoints  TNS Total Endpoints      WHS(ns)      THS(ns)  THS Failing Endpoints  THS Total Endpoints  
----------    --------          -------      -------  ---------------------  -------------------      -------      -------  ---------------------  -------------------  


------------------------------------------------------------------------------------------------
| Other Path Groups Table
| -----------------------
------------------------------------------------------------------------------------------------

Path Group    From Clock    To Clock          WNS(ns)      TNS(ns)  TNS Failing Endpoints  TNS Total Endpoints      WHS(ns)      THS(ns)  THS Failing Endpoints  THS Total Endpoints  
----------    ----------    --------          -------      -------  ---------------------  -------------------      -------      -------  ---------------------  -------------------  


------------------------------------------------------------------------------------------------
| Timing Details
| --------------
------------------------------------------------------------------------------------------------


